<?xml version="1.0" encoding="UTF-8"?>
<!-- Generated by org.testng.reporters.JUnitReportReporter -->
<testsuite hostname="LAPTOP-CFNFQMU8" failures="0" tests="1" name="com.shopper.test.RegistroConsumidorTest" time="31.841" errors="0" timestamp="15 nov. 2020 06:06:44 GMT" skipped="0">
  <testcase classname="com.shopper.test.RegistroConsumidorTest" name="ingresarPortalConsumidor" time="31.841"/>
</testsuite> <!-- com.shopper.test.RegistroConsumidorTest -->
