<?xml version="1.0" encoding="UTF-8"?>
<!-- Generated by org.testng.reporters.JUnitReportReporter -->
<testsuite hostname="LAPTOP-CFNFQMU8" failures="0" tests="1" name="com.shopper.test.RegistroConsumidorTest" time="34.537" errors="0" timestamp="25 nov. 2020 21:38:11 GMT" skipped="0">
  <testcase classname="com.shopper.test.RegistroConsumidorTest" name="ingresarPortalConsumidor" time="34.537"/>
</testsuite> <!-- com.shopper.test.RegistroConsumidorTest -->
