<?xml version="1.0" encoding="UTF-8"?>
<!-- Generated by org.testng.reporters.JUnitReportReporter -->
<testsuite hostname="LAPTOP-CFNFQMU8" failures="0" tests="1" name="com.shopper.test.TiendaTest" time="70.121" errors="0" timestamp="15 nov. 2020 04:46:28 GMT" skipped="0">
  <testcase classname="com.shopper.test.TiendaTest" name="ingresarPortalConsumidor" time="70.121"/>
</testsuite> <!-- com.shopper.test.TiendaTest -->
