<?xml version="1.0" encoding="UTF-8"?>
<!-- Generated by org.testng.reporters.JUnitReportReporter -->
<testsuite hostname="LAPTOP-CFNFQMU8" failures="0" tests="1" name="com.shopper.test.BookTest" time="13.374" errors="0" timestamp="23 nov. 2020 16:38:21 GMT" skipped="0">
  <testcase classname="com.shopper.test.BookTest" name="agregarCarr" time="13.374"/>
</testsuite> <!-- com.shopper.test.BookTest -->
