<?xml version="1.0" encoding="UTF-8"?>
<!-- Generated by org.testng.reporters.JUnitReportReporter -->
<testsuite hostname="LAPTOP-CFNFQMU8" failures="0" tests="1" name="com.shopper.test.RegistroTenderoTest" time="41.574" errors="0" timestamp="18 nov. 2020 19:24:47 GMT" skipped="0">
  <testcase classname="com.shopper.test.RegistroTenderoTest" name="registrarTendero" time="41.574"/>
</testsuite> <!-- com.shopper.test.RegistroTenderoTest -->
