<?xml version="1.0" encoding="UTF-8"?>
<!-- Generated by org.testng.reporters.JUnitReportReporter -->
<testsuite hostname="LAPTOP-CFNFQMU8" failures="0" tests="1" name="com.shopper.test.TiendaTest" time="71.913" errors="0" timestamp="17 nov. 2020 23:28:41 GMT" skipped="0">
  <testcase classname="com.shopper.test.TiendaTest" name="ingresarPortalConsumidor" time="71.913"/>
</testsuite> <!-- com.shopper.test.TiendaTest -->
