<?xml version="1.0" encoding="UTF-8"?>
<!-- Generated by org.testng.reporters.JUnitReportReporter -->
<testsuite hostname="LAPTOP-CFNFQMU8" failures="0" tests="1" name="com.shopper.test.TiendaTest" time="145.755" errors="0" timestamp="27 nov. 2020 21:18:23 GMT" skipped="0">
  <testcase classname="com.shopper.test.TiendaTest" name="validarCompraConsumidor" time="145.755"/>
</testsuite> <!-- com.shopper.test.TiendaTest -->
