<?xml version="1.0" encoding="UTF-8"?>
<!-- Generated by org.testng.reporters.JUnitReportReporter -->
<testsuite hostname="LAPTOP-CFNFQMU8" failures="0" tests="1" name="com.shopper.test.LoginSashiTest" time="9.961" errors="0" timestamp="23 nov. 2020 16:22:02 GMT" skipped="0">
  <testcase classname="com.shopper.test.LoginSashiTest" name="ingresarPortalConsumidor" time="9.961"/>
</testsuite> <!-- com.shopper.test.LoginSashiTest -->
