<?xml version="1.0" encoding="UTF-8"?>
<!-- Generated by org.testng.reporters.JUnitReportReporter -->
<testsuite hostname="LAPTOP-CFNFQMU8" failures="0" tests="1" name="com.shopper.test.HomeTest" time="15.738" errors="0" timestamp="14 nov. 2020 19:35:51 GMT" skipped="0">
  <testcase classname="com.shopper.test.HomeTest" name="test_seleccionar_ciudad" time="15.738"/>
</testsuite> <!-- com.shopper.test.HomeTest -->
