<?xml version="1.0" encoding="UTF-8"?>
<!-- Generated by org.testng.reporters.JUnitReportReporter -->
<testsuite hostname="LAPTOP-CFNFQMU8" failures="0" tests="1" name="com.shopper.test.LoginTest" time="18.822" errors="0" timestamp="14 nov. 2020 19:36:27 GMT" skipped="0">
  <testcase classname="com.shopper.test.LoginTest" name="ingresarPortalConsumidor" time="18.822"/>
</testsuite> <!-- com.shopper.test.LoginTest -->
