<?xml version="1.0" encoding="UTF-8"?>
<!-- Generated by org.testng.reporters.JUnitReportReporter -->
<testsuite hostname="LAPTOP-CFNFQMU8" failures="0" tests="1" name="com.shopper.test.CompraNuevoConsumidorTest" time="66.774" errors="0" timestamp="18 nov. 2020 01:12:15 GMT" skipped="0">
  <testcase classname="com.shopper.test.CompraNuevoConsumidorTest" name="generarCompraConsumidor" time="66.774"/>
</testsuite> <!-- com.shopper.test.CompraNuevoConsumidorTest -->
