<?xml version="1.0" encoding="UTF-8"?>
<!-- Generated by org.testng.reporters.JUnitReportReporter -->
<testsuite hostname="LAPTOP-CFNFQMU8" failures="0" tests="1" name="com.shopper.test.TenderoTest" time="50.612" errors="0" timestamp="23 nov. 2020 23:35:09 GMT" skipped="0">
  <testcase classname="com.shopper.test.TenderoTest" name="activarTiendaTendero" time="50.612"/>
</testsuite> <!-- com.shopper.test.TenderoTest -->
