<?xml version="1.0" encoding="UTF-8"?>
<!-- Generated by org.testng.reporters.JUnitReportReporter -->
<testsuite hostname="LAPTOP-CFNFQMU8" failures="0" tests="1" name="com.shopper.test.LoginTest" time="33.209" errors="0" timestamp="28 nov. 2020 00:48:24 GMT" skipped="0">
  <testcase classname="com.shopper.test.LoginTest" name="validarCampoLoginTendero" time="33.209"/>
</testsuite> <!-- com.shopper.test.LoginTest -->
