<?xml version="1.0" encoding="UTF-8"?>
<!-- Generated by org.testng.reporters.JUnitReportReporter -->
<testsuite hostname="LAPTOP-CFNFQMU8" failures="0" tests="1" name="com.shopper.test.LoginTest" time="25.196" errors="0" timestamp="30 nov. 2020 17:40:12 GMT" skipped="0">
  <testcase classname="com.shopper.test.LoginTest" name="validarCodigoOTPTendero" time="25.196"/>
</testsuite> <!-- com.shopper.test.LoginTest -->
